127.0.0.1 - - [23/Dec/2025 09:03:47] "GET / HTTP/1.1" 200 -
127.0.0.1 - - [23/Dec/2025 09:03:47] "GET /assets/css/styles.css?v=2 HTTP/1.1" 200 -
127.0.0.1 - - [23/Dec/2025 09:03:47] "GET /assets/js/hub.js HTTP/1.1" 200 -
127.0.0.1 - - [23/Dec/2025 09:03:47] "GET /assets/images/covers/cover_orch_dubstep.png HTTP/1.1" 200 -
127.0.0.1 - - [23/Dec/2025 09:03:47] "GET /assets/images/covers/cover_dark_techno.png HTTP/1.1" 200 -
127.0.0.1 - - [23/Dec/2025 09:03:47] "GET /assets/images/covers/cover_ragga_dnb.png HTTP/1.1" 200 -
127.0.0.1 - - [23/Dec/2025 09:03:47] "GET /assets/images/covers/cover_hiphop_study.png HTTP/1.1" 200 -
127.0.0.1 - - [23/Dec/2025 09:03:47] "GET /assets/images/covers/cover_folk_house.png HTTP/1.1" 200 -
127.0.0.1 - - [23/Dec/2025 09:03:47] "GET /assets/images/covers/cover_swing_dnb.png HTTP/1.1" 200 -
127.0.0.1 - - [23/Dec/2025 09:03:47] "GET /assets/images/covers/cover_chaos_rave.png HTTP/1.1" 200 -
127.0.0.1 - - [23/Dec/2025 09:03:47] "GET /assets/images/covers/cover_celtic_trance.png HTTP/1.1" 200 -
127.0.0.1 - - [23/Dec/2025 09:03:47] "GET /assets/images/covers/cover_neoclassical_electronic.png HTTP/1.1" 200 -
127.0.0.1 - - [23/Dec/2025 09:03:47] "GET /assets/images/covers/cover_house_style.png HTTP/1.1" 200 -
127.0.0.1 - - [23/Dec/2025 09:03:47] "GET /assets/images/covers/cover_rawphoric.png HTTP/1.1" 200 -
127.0.0.1 - - [23/Dec/2025 09:03:47] "GET /assets/images/covers/cover_chiptune_style.png HTTP/1.1" 200 -
127.0.0.1 - - [23/Dec/2025 09:03:47] "GET /assets/images/covers/cover_bubblegum_dance.png HTTP/1.1" 200 -
127.0.0.1 - - [23/Dec/2025 09:03:47] "GET /assets/images/covers/cover_hardstyle_hardcore.png HTTP/1.1" 200 -
127.0.0.1 - - [23/Dec/2025 09:03:47] "GET /assets/images/covers/cover_grime_style.png HTTP/1.1" 200 -
127.0.0.1 - - [23/Dec/2025 09:03:47] "GET /assets/images/covers/cover_footwork_juke.png HTTP/1.1" 200 -
127.0.0.1 - - [23/Dec/2025 09:03:47] "GET /assets/images/covers/cover_eurodance_style.png HTTP/1.1" 200 -
127.0.0.1 - - [23/Dec/2025 09:03:47] "GET /assets/images/covers/cover_electro_style.png HTTP/1.1" 200 -
127.0.0.1 - - [23/Dec/2025 09:03:47] "GET /assets/images/covers/cover_downtempo_style.png HTTP/1.1" 200 -
127.0.0.1 - - [23/Dec/2025 09:03:47] "GET /assets/images/covers/cover_breakbeat_style.png HTTP/1.1" 200 -
127.0.0.1 - - [23/Dec/2025 09:03:47] "GET /assets/images/covers/cover_ambient_style.png HTTP/1.1" 200 -
127.0.0.1 - - [23/Dec/2025 09:03:47] "GET /assets/images/covers/cover_idm_ambient_dub.png HTTP/1.1" 200 -
127.0.0.1 - - [23/Dec/2025 09:03:47] "GET /assets/images/covers/cover_hyperbaroque_collection.png HTTP/1.1" 200 -
127.0.0.1 - - [23/Dec/2025 09:03:47] "GET /assets/images/covers/cover_world_electronica_style.png HTTP/1.1" 200 -
127.0.0.1 - - [23/Dec/2025 09:03:47] "GET /assets/images/covers/cover_uk_garage_style.png HTTP/1.1" 200 -
127.0.0.1 - - [23/Dec/2025 09:03:47] "GET /assets/images/covers/cover_trap_style.png HTTP/1.1" 200 -
127.0.0.1 - - [23/Dec/2025 09:03:47] "GET /assets/images/covers/cover_synthwave_style.png HTTP/1.1" 200 -
127.0.0.1 - - [23/Dec/2025 09:03:47] "GET /assets/images/covers/cover_idm_style.png HTTP/1.1" 200 -
127.0.0.1 - - [23/Dec/2025 09:03:47] "GET /assets/images/covers/cover_tribal_house.png HTTP/1.1" 200 -
127.0.0.1 - - [23/Dec/2025 09:03:47] "GET /assets/images/covers/cover_neotokyo_dnb.png HTTP/1.1" 200 -
127.0.0.1 - - [23/Dec/2025 09:03:47] "GET /assets/images/covers/cover_swing_tech_house.png HTTP/1.1" 200 -
127.0.0.1 - - [23/Dec/2025 09:03:47] "GET /assets/images/covers/cover_dubstep_style.png HTTP/1.1" 200 -
127.0.0.1 - - [23/Dec/2025 09:03:47] "GET /assets/images/covers/cover_south_african_house.png HTTP/1.1" 200 -
127.0.0.1 - - [23/Dec/2025 09:03:47] "GET /assets/images/covers/cover_techno_style.png HTTP/1.1" 200 -
127.0.0.1 - - [23/Dec/2025 09:03:47] "GET /assets/images/covers/cover_tech_house.png HTTP/1.1" 200 -
127.0.0.1 - - [23/Dec/2025 09:03:47] "GET /assets/images/covers/cover_melbourne_bounce.png HTTP/1.1" 200 -
127.0.0.1 - - [23/Dec/2025 09:03:47] "GET /assets/images/covers/cover_rave_house.png HTTP/1.1" 200 -
127.0.0.1 - - [23/Dec/2025 09:03:47] "GET /assets/images/covers/cover_progressive_house.png HTTP/1.1" 200 -
127.0.0.1 - - [23/Dec/2025 09:03:47] "GET /assets/images/covers/cover_bluestep_collection.png HTTP/1.1" 200 -
127.0.0.1 - - [23/Dec/2025 09:03:47] "GET /assets/data/playlists.json HTTP/1.1" 200 -
127.0.0.1 - - [23/Dec/2025 09:05:00] "GET /player.html?playlist=Celtic%20House%20Collection HTTP/1.1" 200 -
127.0.0.1 - - [23/Dec/2025 09:05:00] "GET /assets/css/styles.css?v=1 HTTP/1.1" 200 -
127.0.0.1 - - [23/Dec/2025 09:05:00] "GET /assets/js/script.js?v=4 HTTP/1.1" 200 -
127.0.0.1 - - [23/Dec/2025 09:05:00] "GET /assets/images/covers/cover_celtic_house.png HTTP/1.1" 200 -
127.0.0.1 - - [23/Dec/2025 09:05:08] code 404, message File not found
127.0.0.1 - - [23/Dec/2025 09:05:08] "GET /.well-known/appspecific/com.chrome.devtools.json HTTP/1.1" 404 -
127.0.0.1 - - [24/Dec/2025 09:34:56] "GET /player.html?playlist=Celtic%20House%20Collection HTTP/1.1" 304 -
127.0.0.1 - - [24/Dec/2025 09:34:56] "GET /assets/css/styles.css?v=1 HTTP/1.1" 304 -
127.0.0.1 - - [24/Dec/2025 09:34:56] "GET /assets/images/covers/cover_swing_dnb.png HTTP/1.1" 304 -
127.0.0.1 - - [24/Dec/2025 09:34:56] "GET /assets/js/script.js?v=4 HTTP/1.1" 304 -
127.0.0.1 - - [24/Dec/2025 09:34:56] "GET /assets/data/playlists.json HTTP/1.1" 304 -
127.0.0.1 - - [24/Dec/2025 09:34:56] "GET /assets/images/covers/cover_celtic_house.png HTTP/1.1" 304 -
127.0.0.1 - - [24/Dec/2025 09:37:04] "GET / HTTP/1.1" 304 -
127.0.0.1 - - [24/Dec/2025 09:37:04] "GET /assets/css/styles.css?v=2 HTTP/1.1" 304 -
127.0.0.1 - - [24/Dec/2025 09:37:04] "GET /assets/js/hub.js HTTP/1.1" 200 -
127.0.0.1 - - [24/Dec/2025 09:37:04] "GET /assets/images/covers/cover_dark_techno.png HTTP/1.1" 304 -
127.0.0.1 - - [24/Dec/2025 09:37:04] "GET /assets/images/covers/cover_folk_house.png HTTP/1.1" 304 -
127.0.0.1 - - [24/Dec/2025 09:37:04] "GET /assets/images/covers/cover_ragga_dnb.png HTTP/1.1" 304 -
127.0.0.1 - - [24/Dec/2025 09:37:04] "GET /assets/images/covers/cover_orch_dubstep.png HTTP/1.1" 304 -
127.0.0.1 - - [24/Dec/2025 09:37:04] "GET /assets/images/covers/cover_hiphop_study.png HTTP/1.1" 304 -
127.0.0.1 - - [24/Dec/2025 09:37:04] "GET /assets/images/covers/cover_chaos_rave.png HTTP/1.1" 304 -
127.0.0.1 - - [24/Dec/2025 09:37:04] "GET /assets/images/covers/cover_celtic_trance.png HTTP/1.1" 304 -
127.0.0.1 - - [24/Dec/2025 09:37:04] "GET /assets/images/covers/cover_house_style.png HTTP/1.1" 304 -
127.0.0.1 - - [24/Dec/2025 09:37:04] "GET /assets/images/covers/cover_neoclassical_electronic.png HTTP/1.1" 304 -
127.0.0.1 - - [24/Dec/2025 09:37:04] "GET /assets/images/covers/cover_rawphoric.png HTTP/1.1" 304 -
127.0.0.1 - - [24/Dec/2025 09:37:04] "GET /assets/images/covers/cover_bubblegum_dance.png HTTP/1.1" 304 -
127.0.0.1 - - [24/Dec/2025 09:37:04] "GET /assets/images/covers/cover_chiptune_style.png HTTP/1.1" 304 -
127.0.0.1 - - [24/Dec/2025 09:37:04] "GET /assets/images/covers/cover_hardstyle_hardcore.png HTTP/1.1" 304 -
127.0.0.1 - - [24/Dec/2025 09:37:04] "GET /assets/images/covers/cover_grime_style.png HTTP/1.1" 304 -
127.0.0.1 - - [24/Dec/2025 09:37:04] "GET /assets/images/covers/cover_footwork_juke.png HTTP/1.1" 304 -
127.0.0.1 - - [24/Dec/2025 09:37:04] "GET /assets/images/covers/cover_eurodance_style.png HTTP/1.1" 304 -
127.0.0.1 - - [24/Dec/2025 09:37:04] "GET /assets/images/covers/cover_electro_style.png HTTP/1.1" 304 -
127.0.0.1 - - [24/Dec/2025 09:37:04] "GET /assets/images/covers/cover_downtempo_style.png HTTP/1.1" 304 -
127.0.0.1 - - [24/Dec/2025 09:37:04] "GET /assets/images/covers/cover_breakbeat_style.png HTTP/1.1" 304 -
127.0.0.1 - - [24/Dec/2025 09:37:04] "GET /assets/images/covers/cover_idm_ambient_dub.png HTTP/1.1" 304 -
127.0.0.1 - - [24/Dec/2025 09:37:04] "GET /assets/images/covers/cover_ambient_style.png HTTP/1.1" 304 -
127.0.0.1 - - [24/Dec/2025 09:37:04] "GET /assets/images/covers/cover_hyperbaroque_collection.png HTTP/1.1" 304 -
127.0.0.1 - - [24/Dec/2025 09:37:04] "GET /assets/images/covers/cover_uk_garage_style.png HTTP/1.1" 304 -
127.0.0.1 - - [24/Dec/2025 09:37:04] "GET /assets/images/covers/cover_world_electronica_style.png HTTP/1.1" 304 -
127.0.0.1 - - [24/Dec/2025 09:37:04] "GET /assets/images/covers/cover_trap_style.png HTTP/1.1" 304 -
127.0.0.1 - - [24/Dec/2025 09:37:04] "GET /assets/images/covers/cover_synthwave_style.png HTTP/1.1" 304 -
127.0.0.1 - - [24/Dec/2025 09:37:04] "GET /assets/images/covers/cover_idm_style.png HTTP/1.1" 304 -
127.0.0.1 - - [24/Dec/2025 09:37:04] "GET /assets/images/covers/cover_tribal_house.png HTTP/1.1" 304 -
127.0.0.1 - - [24/Dec/2025 09:37:04] "GET /assets/images/covers/cover_neotokyo_dnb.png HTTP/1.1" 304 -
127.0.0.1 - - [24/Dec/2025 09:37:04] "GET /assets/images/covers/cover_swing_tech_house.png HTTP/1.1" 304 -
127.0.0.1 - - [24/Dec/2025 09:37:04] "GET /assets/images/covers/cover_dubstep_style.png HTTP/1.1" 304 -
127.0.0.1 - - [24/Dec/2025 09:37:04] "GET /assets/images/covers/cover_south_african_house.png HTTP/1.1" 304 -
127.0.0.1 - - [24/Dec/2025 09:37:04] "GET /assets/images/covers/cover_techno_style.png HTTP/1.1" 304 -
127.0.0.1 - - [24/Dec/2025 09:37:04] "GET /assets/images/covers/cover_tech_house.png HTTP/1.1" 304 -
127.0.0.1 - - [24/Dec/2025 09:37:04] "GET /assets/images/covers/cover_melbourne_bounce.png HTTP/1.1" 304 -
127.0.0.1 - - [24/Dec/2025 09:37:04] "GET /assets/images/covers/cover_rave_house.png HTTP/1.1" 304 -
127.0.0.1 - - [24/Dec/2025 09:37:04] "GET /assets/images/covers/cover_progressive_house.png HTTP/1.1" 304 -
127.0.0.1 - - [24/Dec/2025 09:37:04] "GET /assets/images/covers/cover_bluestep_collection.png HTTP/1.1" 304 -
127.0.0.1 - - [24/Dec/2025 09:37:48] "GET /player.html?playlist=Orchestral%20Dubstep HTTP/1.1" 200 -
127.0.0.1 - - [24/Dec/2025 09:37:49] code 404, message File not found
127.0.0.1 - - [24/Dec/2025 09:37:49] "GET /favicon.ico HTTP/1.1" 404 -
127.0.0.1 - - [24/Dec/2025 09:38:01] "GET /assets/js/hub.js HTTP/1.1" 200 -
127.0.0.1 - - [24/Dec/2025 09:38:01] "GET /assets/css/styles.css?v=2 HTTP/1.1" 304 -
127.0.0.1 - - [24/Dec/2025 09:38:01] "GET /assets/images/covers/cover_dark_techno.png HTTP/1.1" 304 -
127.0.0.1 - - [24/Dec/2025 09:38:01] "GET /assets/images/covers/cover_orch_dubstep.png HTTP/1.1" 304 -
127.0.0.1 - - [24/Dec/2025 09:38:01] "GET /assets/images/covers/cover_ragga_dnb.png HTTP/1.1" 304 -
127.0.0.1 - - [24/Dec/2025 09:38:01] "GET /assets/images/covers/cover_hiphop_study.png HTTP/1.1" 304 -
127.0.0.1 - - [24/Dec/2025 09:38:01] "GET /assets/images/covers/cover_folk_house.png HTTP/1.1" 304 -
127.0.0.1 - - [24/Dec/2025 09:38:01] "GET /assets/images/covers/cover_chaos_rave.png HTTP/1.1" 304 -
127.0.0.1 - - [24/Dec/2025 09:38:01] "GET /assets/images/covers/cover_neoclassical_electronic.png HTTP/1.1" 304 -
127.0.0.1 - - [24/Dec/2025 09:38:01] "GET /assets/images/covers/cover_celtic_trance.png HTTP/1.1" 304 -
127.0.0.1 - - [24/Dec/2025 09:38:01] "GET /assets/images/covers/cover_house_style.png HTTP/1.1" 304 -
127.0.0.1 - - [24/Dec/2025 09:38:01] "GET /assets/images/covers/cover_rawphoric.png HTTP/1.1" 304 -
127.0.0.1 - - [24/Dec/2025 09:38:01] "GET /assets/images/covers/cover_bubblegum_dance.png HTTP/1.1" 304 -
127.0.0.1 - - [24/Dec/2025 09:38:01] "GET /assets/images/covers/cover_chiptune_style.png HTTP/1.1" 304 -
127.0.0.1 - - [24/Dec/2025 09:38:01] "GET /assets/images/covers/cover_hardstyle_hardcore.png HTTP/1.1" 304 -
127.0.0.1 - - [24/Dec/2025 09:38:01] "GET /assets/images/covers/cover_grime_style.png HTTP/1.1" 304 -
127.0.0.1 - - [24/Dec/2025 09:38:01] "GET /assets/images/covers/cover_footwork_juke.png HTTP/1.1" 304 -
127.0.0.1 - - [24/Dec/2025 09:38:01] "GET /assets/images/covers/cover_eurodance_style.png HTTP/1.1" 304 -
127.0.0.1 - - [24/Dec/2025 09:38:01] "GET /assets/images/covers/cover_electro_style.png HTTP/1.1" 304 -
127.0.0.1 - - [24/Dec/2025 09:38:01] "GET /assets/images/covers/cover_downtempo_style.png HTTP/1.1" 304 -
127.0.0.1 - - [24/Dec/2025 09:38:01] "GET /assets/images/covers/cover_breakbeat_style.png HTTP/1.1" 304 -
127.0.0.1 - - [24/Dec/2025 09:38:01] "GET /assets/images/covers/cover_ambient_style.png HTTP/1.1" 304 -
127.0.0.1 - - [24/Dec/2025 09:38:01] "GET /assets/images/covers/cover_idm_ambient_dub.png HTTP/1.1" 304 -
127.0.0.1 - - [24/Dec/2025 09:38:01] "GET /assets/images/covers/cover_hyperbaroque_collection.png HTTP/1.1" 304 -
127.0.0.1 - - [24/Dec/2025 09:38:01] "GET /assets/images/covers/cover_world_electronica_style.png HTTP/1.1" 304 -
127.0.0.1 - - [24/Dec/2025 09:38:01] "GET /assets/images/covers/cover_uk_garage_style.png HTTP/1.1" 304 -
127.0.0.1 - - [24/Dec/2025 09:38:01] "GET /assets/images/covers/cover_tribal_house.png HTTP/1.1" 304 -
127.0.0.1 - - [24/Dec/2025 09:38:01] "GET /assets/images/covers/cover_trap_style.png HTTP/1.1" 304 -
127.0.0.1 - - [24/Dec/2025 09:38:01] "GET /assets/images/covers/cover_synthwave_style.png HTTP/1.1" 304 -
127.0.0.1 - - [24/Dec/2025 09:38:01] "GET /assets/images/covers/cover_idm_style.png HTTP/1.1" 304 -
127.0.0.1 - - [24/Dec/2025 09:38:01] "GET /assets/images/covers/cover_neotokyo_dnb.png HTTP/1.1" 304 -
127.0.0.1 - - [24/Dec/2025 09:38:01] "GET /assets/images/covers/cover_swing_tech_house.png HTTP/1.1" 304 -
127.0.0.1 - - [24/Dec/2025 09:38:01] "GET /assets/images/covers/cover_dubstep_style.png HTTP/1.1" 304 -
127.0.0.1 - - [24/Dec/2025 09:38:01] "GET /assets/images/covers/cover_south_african_house.png HTTP/1.1" 304 -
127.0.0.1 - - [24/Dec/2025 09:38:01] "GET /assets/images/covers/cover_techno_style.png HTTP/1.1" 304 -
127.0.0.1 - - [24/Dec/2025 09:38:01] "GET /assets/images/covers/cover_tech_house.png HTTP/1.1" 304 -
127.0.0.1 - - [24/Dec/2025 09:38:01] "GET /assets/images/covers/cover_melbourne_bounce.png HTTP/1.1" 304 -
127.0.0.1 - - [24/Dec/2025 09:38:01] "GET /assets/images/covers/cover_rave_house.png HTTP/1.1" 304 -
127.0.0.1 - - [24/Dec/2025 09:38:01] "GET /assets/images/covers/cover_progressive_house.png HTTP/1.1" 304 -
127.0.0.1 - - [24/Dec/2025 09:38:01] "GET /assets/images/covers/cover_bluestep_collection.png HTTP/1.1" 304 -
127.0.0.1 - - [24/Dec/2025 09:38:20] code 404, message File not found
127.0.0.1 - - [24/Dec/2025 09:38:20] "GET /.well-known/appspecific/com.chrome.devtools.json HTTP/1.1" 404 -
127.0.0.1 - - [24/Dec/2025 09:39:17] "GET / HTTP/1.1" 304 -
127.0.0.1 - - [24/Dec/2025 09:39:17] "GET /assets/js/hub.js HTTP/1.1" 304 -
127.0.0.1 - - [24/Dec/2025 09:44:57] "GET / HTTP/1.1" 304 -
127.0.0.1 - - [24/Dec/2025 09:44:57] "GET /assets/js/hub.js HTTP/1.1" 304 -
127.0.0.1 - - [24/Dec/2025 09:44:57] "GET / HTTP/1.1" 304 -
127.0.0.1 - - [24/Dec/2025 09:45:13] "GET / HTTP/1.1" 200 -
127.0.0.1 - - [24/Dec/2025 09:45:13] "GET /assets/css/styles.css?v=2 HTTP/1.1" 200 -
127.0.0.1 - - [24/Dec/2025 09:45:13] "GET /assets/js/hub.js HTTP/1.1" 200 -
127.0.0.1 - - [24/Dec/2025 09:45:14] "GET /assets/images/covers/cover_swing_dnb.png HTTP/1.1" 200 -
127.0.0.1 - - [24/Dec/2025 09:45:14] "GET /assets/images/covers/cover_hiphop_study.png HTTP/1.1" 200 -
127.0.0.1 - - [24/Dec/2025 09:45:14] "GET /assets/images/covers/cover_dark_techno.png HTTP/1.1" 200 -
127.0.0.1 - - [24/Dec/2025 09:45:14] "GET /assets/images/covers/cover_orch_dubstep.png HTTP/1.1" 200 -
127.0.0.1 - - [24/Dec/2025 09:45:14] "GET /assets/images/covers/cover_ragga_dnb.png HTTP/1.1" 200 -
127.0.0.1 - - [24/Dec/2025 09:45:14] "GET /assets/images/covers/cover_folk_house.png HTTP/1.1" 200 -
127.0.0.1 - - [24/Dec/2025 09:45:14] "GET /assets/images/covers/cover_chaos_rave.png HTTP/1.1" 200 -
127.0.0.1 - - [24/Dec/2025 09:45:14] "GET /assets/images/covers/cover_celtic_trance.png HTTP/1.1" 200 -
127.0.0.1 - - [24/Dec/2025 09:45:14] "GET /assets/images/covers/cover_neoclassical_electronic.png HTTP/1.1" 200 -
127.0.0.1 - - [24/Dec/2025 09:45:14] "GET /assets/images/covers/cover_house_style.png HTTP/1.1" 200 -
127.0.0.1 - - [24/Dec/2025 09:45:14] "GET /assets/images/covers/cover_rawphoric.png HTTP/1.1" 200 -
127.0.0.1 - - [24/Dec/2025 09:45:14] "GET /assets/images/covers/cover_bubblegum_dance.png HTTP/1.1" 200 -
127.0.0.1 - - [24/Dec/2025 09:45:14] "GET /assets/images/covers/cover_chiptune_style.png HTTP/1.1" 200 -
127.0.0.1 - - [24/Dec/2025 09:45:14] "GET /assets/images/covers/cover_hardstyle_hardcore.png HTTP/1.1" 200 -
127.0.0.1 - - [24/Dec/2025 09:45:14] "GET /assets/images/covers/cover_grime_style.png HTTP/1.1" 200 -
127.0.0.1 - - [24/Dec/2025 09:45:14] "GET /assets/images/covers/cover_footwork_juke.png HTTP/1.1" 200 -
127.0.0.1 - - [24/Dec/2025 09:45:14] "GET /assets/images/covers/cover_eurodance_style.png HTTP/1.1" 200 -
127.0.0.1 - - [24/Dec/2025 09:45:14] "GET /assets/images/covers/cover_electro_style.png HTTP/1.1" 200 -
127.0.0.1 - - [24/Dec/2025 09:45:14] "GET /assets/images/covers/cover_downtempo_style.png HTTP/1.1" 200 -
127.0.0.1 - - [24/Dec/2025 09:45:14] "GET /assets/images/covers/cover_breakbeat_style.png HTTP/1.1" 200 -
127.0.0.1 - - [24/Dec/2025 09:45:14] "GET /assets/images/covers/cover_ambient_style.png HTTP/1.1" 200 -
127.0.0.1 - - [24/Dec/2025 09:45:14] "GET /assets/images/covers/cover_idm_ambient_dub.png HTTP/1.1" 200 -
127.0.0.1 - - [24/Dec/2025 09:45:14] "GET /assets/images/covers/cover_hyperbaroque_collection.png HTTP/1.1" 200 -
127.0.0.1 - - [24/Dec/2025 09:45:14] "GET /assets/images/covers/cover_world_electronica_style.png HTTP/1.1" 200 -
127.0.0.1 - - [24/Dec/2025 09:45:14] "GET /assets/images/covers/cover_uk_garage_style.png HTTP/1.1" 200 -
127.0.0.1 - - [24/Dec/2025 09:45:14] "GET /assets/images/covers/cover_trap_style.png HTTP/1.1" 200 -
127.0.0.1 - - [24/Dec/2025 09:45:14] "GET /assets/images/covers/cover_synthwave_style.png HTTP/1.1" 200 -
127.0.0.1 - - [24/Dec/2025 09:45:14] "GET /assets/images/covers/cover_idm_style.png HTTP/1.1" 200 -
127.0.0.1 - - [24/Dec/2025 09:45:14] "GET /assets/data/playlists.json HTTP/1.1" 200 -
127.0.0.1 - - [24/Dec/2025 09:45:14] "GET /assets/images/covers/cover_tribal_house.png HTTP/1.1" 200 -
127.0.0.1 - - [24/Dec/2025 09:45:14] "GET /assets/images/covers/cover_neotokyo_dnb.png HTTP/1.1" 200 -
127.0.0.1 - - [24/Dec/2025 09:45:14] "GET /assets/images/covers/cover_swing_tech_house.png HTTP/1.1" 200 -
127.0.0.1 - - [24/Dec/2025 09:45:14] "GET /assets/images/covers/cover_dubstep_style.png HTTP/1.1" 200 -
127.0.0.1 - - [24/Dec/2025 09:45:14] "GET /assets/images/covers/cover_south_african_house.png HTTP/1.1" 200 -
127.0.0.1 - - [24/Dec/2025 09:45:14] "GET /assets/images/covers/cover_techno_style.png HTTP/1.1" 200 -
127.0.0.1 - - [24/Dec/2025 09:45:14] "GET /assets/images/covers/cover_tech_house.png HTTP/1.1" 200 -
127.0.0.1 - - [24/Dec/2025 09:45:14] "GET /assets/images/covers/cover_melbourne_bounce.png HTTP/1.1" 200 -
127.0.0.1 - - [24/Dec/2025 09:45:14] "GET /assets/images/covers/cover_rave_house.png HTTP/1.1" 200 -
127.0.0.1 - - [24/Dec/2025 09:45:14] "GET /assets/images/covers/cover_progressive_house.png HTTP/1.1" 200 -
127.0.0.1 - - [24/Dec/2025 09:45:14] "GET /assets/images/covers/cover_bluestep_collection.png HTTP/1.1" 200 -
127.0.0.1 - - [24/Dec/2025 09:45:14] "GET /assets/images/covers/cover_celtic_house.png HTTP/1.1" 200 -
127.0.0.1 - - [24/Dec/2025 09:45:14] code 404, message File not found
127.0.0.1 - - [24/Dec/2025 09:45:14] "GET /favicon.ico HTTP/1.1" 404 -
127.0.0.1 - - [24/Dec/2025 09:46:03] "GET /assets/css/styles.css?v=2 HTTP/1.1" 304 -
127.0.0.1 - - [24/Dec/2025 09:46:03] "GET /assets/js/hub.js HTTP/1.1" 304 -
127.0.0.1 - - [24/Dec/2025 09:47:18] "GET /index.html HTTP/1.1" 200 -
127.0.0.1 - - [24/Dec/2025 09:47:18] "GET /assets/js/hub.js HTTP/1.1" 304 -
127.0.0.1 - - [24/Dec/2025 09:47:20] "GET /index.html HTTP/1.1" 304 -
127.0.0.1 - - [24/Dec/2025 09:47:25] "GET / HTTP/1.1" 304 -
127.0.0.1 - - [24/Dec/2025 09:47:40] "GET / HTTP/1.1" 304 -
127.0.0.1 - - [24/Dec/2025 09:47:40] "GET /assets/css/styles.css?v=2 HTTP/1.1" 304 -
127.0.0.1 - - [24/Dec/2025 09:47:40] "GET /assets/js/hub.js HTTP/1.1" 304 -
127.0.0.1 - - [24/Dec/2025 09:55:48] "GET / HTTP/1.1" 304 -
127.0.0.1 - - [24/Dec/2025 09:55:48] "GET /assets/css/styles.css?v=2 HTTP/1.1" 304 -
127.0.0.1 - - [24/Dec/2025 09:55:49] "GET /assets/js/hub.js HTTP/1.1" 304 -
127.0.0.1 - - [24/Dec/2025 09:57:07] "GET / HTTP/1.1" 304 -
127.0.0.1 - - [24/Dec/2025 09:57:07] "GET /assets/css/styles.css?v=2 HTTP/1.1" 304 -
127.0.0.1 - - [24/Dec/2025 09:57:15] "GET / HTTP/1.1" 304 -
127.0.0.1 - - [24/Dec/2025 09:57:15] "GET /assets/js/hub.js HTTP/1.1" 304 -
127.0.0.1 - - [24/Dec/2025 09:57:31] "GET / HTTP/1.1" 200 -
127.0.0.1 - - [24/Dec/2025 09:57:31] "GET /assets/js/hub.js HTTP/1.1" 200 -
127.0.0.1 - - [24/Dec/2025 09:57:31] "GET /assets/css/styles.css?v=2 HTTP/1.1" 200 -
127.0.0.1 - - [24/Dec/2025 09:57:31] "GET /assets/images/covers/cover_hiphop_study.png HTTP/1.1" 200 -
127.0.0.1 - - [24/Dec/2025 09:57:31] "GET /assets/images/covers/cover_swing_dnb.png HTTP/1.1" 200 -
127.0.0.1 - - [24/Dec/2025 09:57:31] "GET /assets/images/covers/cover_folk_house.png HTTP/1.1" 200 -
127.0.0.1 - - [24/Dec/2025 09:57:31] "GET /assets/images/covers/cover_dark_techno.png HTTP/1.1" 200 -
127.0.0.1 - - [24/Dec/2025 09:57:31] "GET /assets/images/covers/cover_orch_dubstep.png HTTP/1.1" 200 -
127.0.0.1 - - [24/Dec/2025 09:57:31] "GET /assets/images/covers/cover_ragga_dnb.png HTTP/1.1" 200 -
127.0.0.1 - - [24/Dec/2025 09:57:31] "GET /assets/images/covers/cover_chaos_rave.png HTTP/1.1" 200 -
127.0.0.1 - - [24/Dec/2025 09:57:31] "GET /assets/images/covers/cover_celtic_trance.png HTTP/1.1" 200 -
127.0.0.1 - - [24/Dec/2025 09:57:31] "GET /assets/images/covers/cover_neoclassical_electronic.png HTTP/1.1" 200 -
127.0.0.1 - - [24/Dec/2025 09:57:31] "GET /assets/images/covers/cover_house_style.png HTTP/1.1" 200 -
127.0.0.1 - - [24/Dec/2025 09:57:31] "GET /assets/images/covers/cover_rawphoric.png HTTP/1.1" 200 -
127.0.0.1 - - [24/Dec/2025 09:57:31] "GET /assets/images/covers/cover_bubblegum_dance.png HTTP/1.1" 200 -
127.0.0.1 - - [24/Dec/2025 09:57:31] "GET /assets/images/covers/cover_chiptune_style.png HTTP/1.1" 200 -
127.0.0.1 - - [24/Dec/2025 09:57:31] "GET /assets/images/covers/cover_hardstyle_hardcore.png HTTP/1.1" 200 -
127.0.0.1 - - [24/Dec/2025 09:57:31] "GET /assets/images/covers/cover_grime_style.png HTTP/1.1" 200 -
127.0.0.1 - - [24/Dec/2025 09:57:31] "GET /assets/images/covers/cover_footwork_juke.png HTTP/1.1" 200 -
127.0.0.1 - - [24/Dec/2025 09:57:31] "GET /assets/images/covers/cover_eurodance_style.png HTTP/1.1" 200 -
127.0.0.1 - - [24/Dec/2025 09:57:31] "GET /assets/images/covers/cover_electro_style.png HTTP/1.1" 200 -
127.0.0.1 - - [24/Dec/2025 09:57:31] "GET /assets/images/covers/cover_downtempo_style.png HTTP/1.1" 200 -
127.0.0.1 - - [24/Dec/2025 09:57:31] "GET /assets/images/covers/cover_breakbeat_style.png HTTP/1.1" 200 -
127.0.0.1 - - [24/Dec/2025 09:57:31] "GET /assets/images/covers/cover_ambient_style.png HTTP/1.1" 200 -
127.0.0.1 - - [24/Dec/2025 09:57:31] "GET /assets/images/covers/cover_idm_ambient_dub.png HTTP/1.1" 200 -
127.0.0.1 - - [24/Dec/2025 09:57:31] "GET /assets/images/covers/cover_hyperbaroque_collection.png HTTP/1.1" 200 -
127.0.0.1 - - [24/Dec/2025 09:57:31] "GET /assets/images/covers/cover_world_electronica_style.png HTTP/1.1" 200 -
127.0.0.1 - - [24/Dec/2025 09:57:31] "GET /assets/images/covers/cover_uk_garage_style.png HTTP/1.1" 200 -
127.0.0.1 - - [24/Dec/2025 09:57:31] "GET /assets/images/covers/cover_trap_style.png HTTP/1.1" 200 -
127.0.0.1 - - [24/Dec/2025 09:57:31] "GET /assets/images/covers/cover_synthwave_style.png HTTP/1.1" 200 -
127.0.0.1 - - [24/Dec/2025 09:57:31] "GET /assets/images/covers/cover_idm_style.png HTTP/1.1" 200 -
127.0.0.1 - - [24/Dec/2025 09:57:31] "GET /assets/images/covers/cover_tribal_house.png HTTP/1.1" 200 -
127.0.0.1 - - [24/Dec/2025 09:57:31] "GET /assets/images/covers/cover_neotokyo_dnb.png HTTP/1.1" 200 -
127.0.0.1 - - [24/Dec/2025 09:57:31] "GET /assets/images/covers/cover_swing_tech_house.png HTTP/1.1" 200 -
127.0.0.1 - - [24/Dec/2025 09:57:31] "GET /assets/images/covers/cover_dubstep_style.png HTTP/1.1" 200 -
127.0.0.1 - - [24/Dec/2025 09:57:31] "GET /assets/images/covers/cover_south_african_house.png HTTP/1.1" 200 -
127.0.0.1 - - [24/Dec/2025 09:57:31] "GET /assets/images/covers/cover_techno_style.png HTTP/1.1" 200 -
127.0.0.1 - - [24/Dec/2025 09:57:31] "GET /assets/images/covers/cover_melbourne_bounce.png HTTP/1.1" 200 -
127.0.0.1 - - [24/Dec/2025 09:57:31] "GET /assets/images/covers/cover_tech_house.png HTTP/1.1" 200 -
127.0.0.1 - - [24/Dec/2025 09:57:31] "GET /assets/images/covers/cover_rave_house.png HTTP/1.1" 200 -
127.0.0.1 - - [24/Dec/2025 09:57:31] "GET /assets/images/covers/cover_progressive_house.png HTTP/1.1" 200 -
127.0.0.1 - - [24/Dec/2025 09:57:31] "GET /assets/images/covers/cover_bluestep_collection.png HTTP/1.1" 200 -
127.0.0.1 - - [24/Dec/2025 09:57:31] "GET /assets/data/playlists.json HTTP/1.1" 200 -
127.0.0.1 - - [24/Dec/2025 09:57:32] "GET /assets/images/covers/cover_celtic_house.png HTTP/1.1" 200 -
127.0.0.1 - - [24/Dec/2025 09:57:32] code 404, message File not found
127.0.0.1 - - [24/Dec/2025 09:57:32] "GET /favicon.ico HTTP/1.1" 404 -
127.0.0.1 - - [24/Dec/2025 10:04:34] "GET / HTTP/1.1" 200 -
127.0.0.1 - - [24/Dec/2025 10:04:34] "GET /assets/css/styles.css?v=2 HTTP/1.1" 200 -
127.0.0.1 - - [24/Dec/2025 10:04:34] "GET /assets/js/hub.js HTTP/1.1" 304 -
127.0.0.1 - - [24/Dec/2025 10:05:40] "GET / HTTP/1.1" 304 -
127.0.0.1 - - [24/Dec/2025 10:05:41] "GET / HTTP/1.1" 304 -
127.0.0.1 - - [24/Dec/2025 10:07:34] "GET / HTTP/1.1" 304 -
127.0.0.1 - - [24/Dec/2025 10:07:34] "GET /assets/css/styles.css?v=2 HTTP/1.1" 200 -
127.0.0.1 - - [24/Dec/2025 10:07:34] "GET /assets/js/hub.js HTTP/1.1" 304 -
127.0.0.1 - - [24/Dec/2025 10:07:42] "GET / HTTP/1.1" 304 -
127.0.0.1 - - [24/Dec/2025 10:07:42] "GET /assets/css/styles.css?v=2 HTTP/1.1" 304 -
127.0.0.1 - - [24/Dec/2025 10:07:43] "GET /player.html?playlist=Celtic%20House%20Collection HTTP/1.1" 200 -
127.0.0.1 - - [24/Dec/2025 10:07:44] "GET /assets/css/styles.css?v=1 HTTP/1.1" 200 -
127.0.0.1 - - [24/Dec/2025 10:07:44] "GET /assets/js/script.js?v=4 HTTP/1.1" 200 -
127.0.0.1 - - [24/Dec/2025 10:07:44] "GET /assets/data/playlists.json HTTP/1.1" 200 -
127.0.0.1 - - [24/Dec/2025 12:19:41] "GET / HTTP/1.1" 304 -
127.0.0.1 - - [24/Dec/2025 12:19:41] "GET /assets/js/hub.js HTTP/1.1" 304 -
127.0.0.1 - - [24/Dec/2025 12:19:41] "GET /assets/images/covers/cover_bluestep_collection.png HTTP/1.1" 304 -
127.0.0.1 - - [24/Dec/2025 12:19:44] "GET / HTTP/1.1" 304 -
127.0.0.1 - - [24/Dec/2025 12:19:44] "GET /assets/css/styles.css?v=2 HTTP/1.1" 304 -
127.0.0.1 - - [24/Dec/2025 12:19:44] "GET /assets/js/hub.js HTTP/1.1" 304 -
127.0.0.1 - - [24/Dec/2025 12:19:44] "GET /assets/images/covers/cover_bluestep_collection.png HTTP/1.1" 304 -
127.0.0.1 - - [24/Dec/2025 12:21:55] "GET /player.html?playlist=Hardstyle HTTP/1.1" 200 -
127.0.0.1 - - [24/Dec/2025 12:21:55] "GET /assets/css/styles.css?v=1 HTTP/1.1" 304 -
127.0.0.1 - - [24/Dec/2025 12:22:06] "GET /player.html?playlist=Chiptune HTTP/1.1" 200 -
127.0.0.1 - - [24/Dec/2025 12:22:24] "GET /index.html HTTP/1.1" 200 -
127.0.0.1 - - [24/Dec/2025 12:22:24] code 404, message File not found
127.0.0.1 - - [24/Dec/2025 12:22:24] "GET /favicon.ico HTTP/1.1" 404 -
----------------------------------------
Exception occurred during processing of request from ('127.0.0.1', 40924)
Traceback (most recent call last):
  File "/usr/lib/python3.10/http/server.py", line 727, in send_head
    f = open(path, 'rb')
FileNotFoundError: [Errno 2] No such file or directory: '/home/fiacre/projects/fi4cr-website/favicon.ico'

During handling of the above exception, another exception occurred:

Traceback (most recent call last):
  File "/usr/lib/python3.10/socketserver.py", line 683, in process_request_thread
    self.finish_request(request, client_address)
  File "/usr/lib/python3.10/http/server.py", line 1304, in finish_request
    self.RequestHandlerClass(request, client_address, self,
  File "/usr/lib/python3.10/http/server.py", line 668, in __init__
    super().__init__(*args, **kwargs)
  File "/usr/lib/python3.10/socketserver.py", line 747, in __init__
    self.handle()
  File "/usr/lib/python3.10/http/server.py", line 433, in handle
    self.handle_one_request()
  File "/usr/lib/python3.10/http/server.py", line 421, in handle_one_request
    method()
  File "/usr/lib/python3.10/http/server.py", line 672, in do_GET
    f = self.send_head()
  File "/usr/lib/python3.10/http/server.py", line 729, in send_head
    self.send_error(HTTPStatus.NOT_FOUND, "File not found")
  File "/usr/lib/python3.10/http/server.py", line 488, in send_error
    self.wfile.write(body)
  File "/usr/lib/python3.10/socketserver.py", line 826, in write
    self._sock.sendall(b)
BrokenPipeError: [Errno 32] Broken pipe
----------------------------------------
127.0.0.1 - - [24/Dec/2025 12:22:28] "GET /player.html?playlist=Ragga%20D%26B HTTP/1.1" 200 -
127.0.0.1 - - [24/Dec/2025 13:20:29] "GET /index.html HTTP/1.1" 200 -
127.0.0.1 - - [24/Dec/2025 13:20:29] "GET /assets/css/styles.css?v=2 HTTP/1.1" 304 -
127.0.0.1 - - [24/Dec/2025 13:20:29] "GET /assets/js/hub.js HTTP/1.1" 200 -
127.0.0.1 - - [24/Dec/2025 13:20:29] "GET /assets/images/covers/cover_liquid_funk.png HTTP/1.1" 200 -
127.0.0.1 - - [24/Dec/2025 13:20:29] "GET /assets/images/covers/cover_phonk_style.png HTTP/1.1" 200 -
127.0.0.1 - - [24/Dec/2025 13:20:29] "GET /assets/images/covers/cover_dub_style.png HTTP/1.1" 200 -
127.0.0.1 - - [24/Dec/2025 13:20:29] "GET /assets/images/covers/cover_disco_style.png HTTP/1.1" 200 -
127.0.0.1 - - [24/Dec/2025 13:21:50] "GET /player.html?playlist=Celtic%20House%20Collection HTTP/1.1" 200 -
----------------------------------------
Exception occurred during processing of request from ('127.0.0.1', 55780)
Traceback (most recent call last):
  File "/usr/lib/python3.10/socketserver.py", line 683, in process_request_thread
    self.finish_request(request, client_address)
  File "/usr/lib/python3.10/http/server.py", line 1304, in finish_request
    self.RequestHandlerClass(request, client_address, self,
  File "/usr/lib/python3.10/http/server.py", line 668, in __init__
    super().__init__(*args, **kwargs)
  File "/usr/lib/python3.10/socketserver.py", line 747, in __init__
    self.handle()
  File "/usr/lib/python3.10/http/server.py", line 433, in handle
    self.handle_one_request()
  File "/usr/lib/python3.10/http/server.py", line 421, in handle_one_request
    method()
  File "/usr/lib/python3.10/http/server.py", line 675, in do_GET
    self.copyfile(f, self.wfile)
  File "/usr/lib/python3.10/http/server.py", line 875, in copyfile
    shutil.copyfileobj(source, outputfile)
  File "/usr/lib/python3.10/shutil.py", line 198, in copyfileobj
    fdst_write(buf)
  File "/usr/lib/python3.10/socketserver.py", line 826, in write
    self._sock.sendall(b)
BrokenPipeError: [Errno 32] Broken pipe
----------------------------------------
127.0.0.1 - - [24/Dec/2025 13:21:50] "GET /assets/css/styles.css?v=1 HTTP/1.1" 200 -
127.0.0.1 - - [24/Dec/2025 13:21:50] "GET /assets/js/script.js?v=4 HTTP/1.1" 304 -
127.0.0.1 - - [24/Dec/2025 13:21:54] "GET /player.html?playlist=Ragga%20D%26B%20Collection HTTP/1.1" 200 -
127.0.0.1 - - [24/Dec/2025 13:22:09] "GET /about.html HTTP/1.1" 200 -
127.0.0.1 - - [24/Dec/2025 13:23:15] "GET /index.html HTTP/1.1" 200 -
127.0.0.1 - - [24/Dec/2025 13:23:55] "GET /index.html HTTP/1.1" 304 -
127.0.0.1 - - [24/Dec/2025 13:23:58] "GET / HTTP/1.1" 200 -
127.0.0.1 - - [24/Dec/2025 13:23:58] "GET /assets/js/hub.js HTTP/1.1" 200 -
127.0.0.1 - - [24/Dec/2025 13:23:59] "GET /assets/images/covers/cover_liquid_funk.png HTTP/1.1" 200 -
127.0.0.1 - - [24/Dec/2025 13:23:59] "GET /assets/images/covers/cover_dub_style.png HTTP/1.1" 200 -
127.0.0.1 - - [24/Dec/2025 13:23:59] "GET /assets/images/covers/cover_phonk_style.png HTTP/1.1" 200 -
127.0.0.1 - - [24/Dec/2025 13:23:59] "GET /assets/images/covers/cover_disco_style.png HTTP/1.1" 200 -
127.0.0.1 - - [24/Dec/2025 13:24:22] "GET / HTTP/1.1" 304 -
127.0.0.1 - - [24/Dec/2025 13:24:22] "GET /assets/js/hub.js HTTP/1.1" 304 -
127.0.0.1 - - [24/Dec/2025 13:25:28] "GET / HTTP/1.1" 304 -
127.0.0.1 - - [24/Dec/2025 13:25:28] "GET /assets/js/hub.js HTTP/1.1" 200 -
127.0.0.1 - - [24/Dec/2025 13:25:37] "GET /index.html HTTP/1.1" 304 -
127.0.0.1 - - [24/Dec/2025 13:25:37] code 404, message File not found
127.0.0.1 - - [24/Dec/2025 13:25:37] "GET /favicon.ico HTTP/1.1" 404 -
----------------------------------------
Exception occurred during processing of request from ('127.0.0.1', 39614)
Traceback (most recent call last):
  File "/usr/lib/python3.10/http/server.py", line 727, in send_head
    f = open(path, 'rb')
FileNotFoundError: [Errno 2] No such file or directory: '/home/fiacre/projects/fi4cr-website/favicon.ico'

During handling of the above exception, another exception occurred:

Traceback (most recent call last):
  File "/usr/lib/python3.10/socketserver.py", line 683, in process_request_thread
    self.finish_request(request, client_address)
  File "/usr/lib/python3.10/http/server.py", line 1304, in finish_request
    self.RequestHandlerClass(request, client_address, self,
  File "/usr/lib/python3.10/http/server.py", line 668, in __init__
    super().__init__(*args, **kwargs)
  File "/usr/lib/python3.10/socketserver.py", line 747, in __init__
    self.handle()
  File "/usr/lib/python3.10/http/server.py", line 433, in handle
    self.handle_one_request()
  File "/usr/lib/python3.10/http/server.py", line 421, in handle_one_request
    method()
  File "/usr/lib/python3.10/http/server.py", line 672, in do_GET
    f = self.send_head()
  File "/usr/lib/python3.10/http/server.py", line 729, in send_head
    self.send_error(HTTPStatus.NOT_FOUND, "File not found")
  File "/usr/lib/python3.10/http/server.py", line 488, in send_error
    self.wfile.write(body)
  File "/usr/lib/python3.10/socketserver.py", line 826, in write
    self._sock.sendall(b)
BrokenPipeError: [Errno 32] Broken pipe
----------------------------------------
